<?xml version="1.0" encoding="UTF-8"?>
<!-- Generated by org.testng.reporters.JUnitXMLReporter -->
<testsuite ignored="0" hostname="hari" failures="0" tests="3" name="Default test" time="18.258" errors="0" timestamp="2024-01-23T20:38:46 IST">
  <testcase classname="com.simplilearn.restassured_Assignment_005.GetStatusTest" name="testPetStatus" time="12.414"/>
  <testcase classname="com.simplilearn.restassured_Assignment_005.GetStatusTest" name="testPetStatus" time="2.691"/>
  <testcase classname="com.simplilearn.restassured_Assignment_005.GetStatusTest" name="testPetStatus" time="3.004"/>
</testsuite> <!-- Default test -->
