<?xml version="1.0" encoding="UTF-8"?>
<testng-results ignored="0" total="3" passed="3" failed="0" skipped="0">
  <reporter-output>
  </reporter-output>
  <suite started-at="2024-01-23T20:38:27 IST" name="Default suite" finished-at="2024-01-23T20:38:46 IST" duration-ms="18258">
    <groups>
    </groups>
    <test started-at="2024-01-23T20:38:27 IST" name="Default test" finished-at="2024-01-23T20:38:46 IST" duration-ms="18258">
      <class name="com.simplilearn.restassured_Assignment_005.GetStatusTest">
        <test-method signature="testPetStatus(java.lang.String)[pri:0, instance:com.simplilearn.restassured_Assignment_005.GetStatusTest@25084a1e]" started-at="2024-01-23T20:38:27 IST" name="testPetStatus" data-provider="statusProvider" finished-at="2024-01-23T20:38:40 IST" duration-ms="12414" status="PASS">
          <params>
            <param index="0">
              <value>
                <![CDATA[available]]>
              </value>
            </param>
          </params>
          <reporter-output>
          </reporter-output>
        </test-method> <!-- testPetStatus -->
        <test-method signature="testPetStatus(java.lang.String)[pri:0, instance:com.simplilearn.restassured_Assignment_005.GetStatusTest@25084a1e]" started-at="2024-01-23T20:38:40 IST" name="testPetStatus" data-provider="statusProvider" finished-at="2024-01-23T20:38:43 IST" duration-ms="2691" status="PASS">
          <params>
            <param index="0">
              <value>
                <![CDATA[pending]]>
              </value>
            </param>
          </params>
          <reporter-output>
          </reporter-output>
        </test-method> <!-- testPetStatus -->
        <test-method signature="testPetStatus(java.lang.String)[pri:0, instance:com.simplilearn.restassured_Assignment_005.GetStatusTest@25084a1e]" started-at="2024-01-23T20:38:43 IST" name="testPetStatus" data-provider="statusProvider" finished-at="2024-01-23T20:38:46 IST" duration-ms="3004" status="PASS">
          <params>
            <param index="0">
              <value>
                <![CDATA[sold]]>
              </value>
            </param>
          </params>
          <reporter-output>
          </reporter-output>
        </test-method> <!-- testPetStatus -->
      </class> <!-- com.simplilearn.restassured_Assignment_005.GetStatusTest -->
    </test> <!-- Default test -->
  </suite> <!-- Default suite -->
</testng-results>
